  PluginEditor.cpp
  PluginProcessor.cpp
C:\Users\ClarVik\source\repos\KAOSS_EMUL\Kaoss_Plugin\Source\PluginProcessor.cpp(85,46): warning C4100: index: неиспользованный формальный параметр
C:\Users\ClarVik\source\repos\KAOSS_EMUL\Kaoss_Plugin\Source\PluginProcessor.cpp(89,57): warning C4100: index: неиспользованный формальный параметр
C:\Users\ClarVik\source\repos\KAOSS_EMUL\Kaoss_Plugin\Source\PluginProcessor.cpp(94,73): warning C4100: newName: неиспользованный формальный параметр
C:\Users\ClarVik\source\repos\KAOSS_EMUL\Kaoss_Plugin\Source\PluginProcessor.cpp(94,46): warning C4100: index: неиспользованный формальный параметр
C:\Users\ClarVik\source\repos\KAOSS_EMUL\Kaoss_Plugin\Source\PluginProcessor.cpp(113,64): warning C4244: инициализация: преобразование "double" в "int", возможна потеря данных
C:\Users\ClarVik\source\repos\KAOSS_EMUL\Kaoss_Plugin\Source\PluginProcessor.cpp(113,31): warning C4244: инициализация: преобразование "double" в "const int", возможна потеря данных
C:\Users\ClarVik\source\repos\KAOSS_EMUL\Kaoss_Plugin\Source\PluginProcessor.cpp(117,25): warning C4244: =: преобразование "double" в "int", возможна потеря данных
C:\Users\ClarVik\source\repos\KAOSS_EMUL\Kaoss_Plugin\Source\PluginProcessor.cpp(152,89): warning C4100: midiMessages: неиспользованный формальный параметр
C:\Users\ClarVik\source\repos\KAOSS_EMUL\Kaoss_Plugin\Source\PluginProcessor.cpp(188,43): warning C4100: delayBufferData: неиспользованный формальный параметр
C:\Users\ClarVik\source\repos\KAOSS_EMUL\Kaoss_Plugin\Source\PluginProcessor.cpp(204,18): warning C4100: bufferData: неиспользованный формальный параметр
C:\Users\ClarVik\source\repos\KAOSS_EMUL\Kaoss_Plugin\Source\PluginProcessor.cpp(250,63): warning C4100: destData: неиспользованный формальный параметр
C:\Users\ClarVik\source\repos\KAOSS_EMUL\Kaoss_Plugin\Source\PluginProcessor.cpp(257,66): warning C4100: sizeInBytes: неиспользованный формальный параметр
C:\Users\ClarVik\source\repos\KAOSS_EMUL\Kaoss_Plugin\Source\PluginProcessor.cpp(257,56): warning C4100: data: неиспользованный формальный параметр
C:\Users\ClarVik\source\repos\KAOSS_EMUL\Kaoss_Plugin\Source\PluginProcessor.cpp(279,52): warning C4244: аргумент: преобразование "double" в "FloatType", возможна потеря данных
          with
          [
              FloatType=float
          ]
C:\Users\ClarVik\source\repos\KAOSS_EMUL\Kaoss_Plugin\Source\PluginEditor.cpp(66,44): warning C4244: =: преобразование "double" в "int", возможна потеря данных
C:\Users\ClarVik\source\repos\KAOSS_EMUL\Kaoss_Plugin\Source\PluginEditor.cpp(68,44): warning C4244: =: преобразование "double" в "int", возможна потеря данных
  Kaoss_Plugin_SharedCode.vcxproj -> C:\Users\ClarVik\source\repos\KAOSS_EMUL\Kaoss_Plugin\Builds\VisualStudio2019\x64\Debug\Shared Code\Kaoss_Plugin.lib
