c:\users\clarvik\source\repos\kaoss_emul\kaoss_plugin\builds\visualstudio2019\x64\debug\shared code\kaoss_plugin.pdb
c:\users\clarvik\source\repos\kaoss_emul\kaoss_plugin\builds\visualstudio2019\x64\debug\shared code\include_juce_gui_basics.obj
c:\users\clarvik\source\repos\kaoss_emul\kaoss_plugin\builds\visualstudio2019\x64\debug\shared code\include_juce_core.obj
c:\users\clarvik\source\repos\kaoss_emul\kaoss_plugin\builds\visualstudio2019\x64\debug\shared code\include_juce_audio_devices.obj
c:\users\clarvik\source\repos\kaoss_emul\kaoss_plugin\builds\visualstudio2019\x64\debug\shared code\include_juce_audio_processors.obj
c:\users\clarvik\source\repos\kaoss_emul\kaoss_plugin\builds\visualstudio2019\x64\debug\shared code\include_juce_audio_plugin_client_utils.obj
c:\users\clarvik\source\repos\kaoss_emul\kaoss_plugin\builds\visualstudio2019\x64\debug\shared code\include_juce_data_structures.obj
c:\users\clarvik\source\repos\kaoss_emul\kaoss_plugin\builds\visualstudio2019\x64\debug\shared code\include_juce_dsp.obj
c:\users\clarvik\source\repos\kaoss_emul\kaoss_plugin\builds\visualstudio2019\x64\debug\shared code\include_juce_graphics.obj
c:\users\clarvik\source\repos\kaoss_emul\kaoss_plugin\builds\visualstudio2019\x64\debug\shared code\include_juce_audio_formats.obj
c:\users\clarvik\source\repos\kaoss_emul\kaoss_plugin\builds\visualstudio2019\x64\debug\shared code\include_juce_audio_basics.obj
c:\users\clarvik\source\repos\kaoss_emul\kaoss_plugin\builds\visualstudio2019\x64\debug\shared code\include_juce_events.obj
c:\users\clarvik\source\repos\kaoss_emul\kaoss_plugin\builds\visualstudio2019\x64\debug\shared code\looper.obj
c:\users\clarvik\source\repos\kaoss_emul\kaoss_plugin\builds\visualstudio2019\x64\debug\shared code\include_juce_gui_extra.obj
c:\users\clarvik\source\repos\kaoss_emul\kaoss_plugin\builds\visualstudio2019\x64\debug\shared code\audioeffectbase.obj
c:\users\clarvik\source\repos\kaoss_emul\kaoss_plugin\builds\visualstudio2019\x64\debug\shared code\include_juce_audio_utils.obj
c:\users\clarvik\source\repos\kaoss_emul\kaoss_plugin\builds\visualstudio2019\x64\debug\shared code\pluginprocessor.obj
c:\users\clarvik\source\repos\kaoss_emul\kaoss_plugin\builds\visualstudio2019\x64\debug\shared code\plugineditor.obj
c:\users\clarvik\source\repos\kaoss_emul\kaoss_plugin\builds\visualstudio2019\x64\debug\shared code\kaoss_plugin.lib
c:\users\clarvik\source\repos\kaoss_emul\kaoss_plugin\builds\visualstudio2019\x64\debug\shared code\kaoss_pl.42ea81b8.tlog\cl.command.1.tlog
c:\users\clarvik\source\repos\kaoss_emul\kaoss_plugin\builds\visualstudio2019\x64\debug\shared code\kaoss_pl.42ea81b8.tlog\cl.read.1.tlog
c:\users\clarvik\source\repos\kaoss_emul\kaoss_plugin\builds\visualstudio2019\x64\debug\shared code\kaoss_pl.42ea81b8.tlog\cl.write.1.tlog
c:\users\clarvik\source\repos\kaoss_emul\kaoss_plugin\builds\visualstudio2019\x64\debug\shared code\kaoss_pl.42ea81b8.tlog\lib-link.read.1.tlog
c:\users\clarvik\source\repos\kaoss_emul\kaoss_plugin\builds\visualstudio2019\x64\debug\shared code\kaoss_pl.42ea81b8.tlog\lib-link.write.1.tlog
c:\users\clarvik\source\repos\kaoss_emul\kaoss_plugin\builds\visualstudio2019\x64\debug\shared code\kaoss_pl.42ea81b8.tlog\lib.command.1.tlog
